<?xml version="1.0" encoding="UTF-8"?>
<testsuite name="com.hjk.advent22.Day13Test" tests="2" skipped="0" failures="0" errors="0" timestamp="2022-12-13T08:32:22" hostname="X13G3A" time="0.285">
  <properties/>
  <testcase name="part1()" classname="com.hjk.advent22.Day13Test" time="0.239"/>
  <testcase name="part2()" classname="com.hjk.advent22.Day13Test" time="0.044"/>
  <system-out><![CDATA[]]></system-out>
  <system-err><![CDATA[]]></system-err>
</testsuite>
